[0916/164325:INFO:exception_record.cc(518)] [QB]Process ID: 11784 Type: 1
[0916/164325:WARNING:resource_bundle.cc(377)] locale_file_path.empty() for locale 
[0916/164325:ERROR:main_delegate.cc(750)] Could not load locale pak for zh-CN
[0916/164325:WARNING:resource_bundle.cc(564)] locale resources are not loaded
[0916/164325:WARNING:resource_bundle.cc(564)] locale resources are not loaded
[0916/164325:WARNING:resource_bundle.cc(564)] locale resources are not loaded
[0916/164325:WARNING:resource_bundle.cc(564)] locale resources are not loaded
[0916/164325:WARNING:resource_bundle.cc(564)] locale resources are not loaded
[0916/164325:WARNING:resource_bundle.cc(564)] locale resources are not loaded
[0916/164325:WARNING:resource_bundle.cc(564)] locale resources are not loaded
[0916/164325:WARNING:resource_bundle.cc(564)] locale resources are not loaded
[0916/164325:WARNING:resource_bundle.cc(564)] locale resources are not loaded
[0916/164325:WARNING:resource_bundle.cc(564)] locale resources are not loaded
[0916/164325:WARNING:resource_bundle.cc(564)] locale resources are not loaded
[0916/164325:WARNING:resource_bundle.cc(564)] locale resources are not loaded
[0916/164325:WARNING:resource_bundle.cc(564)] locale resources are not loaded
[0916/164325:WARNING:resource_bundle.cc(564)] locale resources are not loaded
[0916/164325:WARNING:resource_bundle.cc(564)] locale resources are not loaded
[0916/164325:WARNING:resource_bundle.cc(564)] locale resources are not loaded
[0916/164325:WARNING:resource_bundle.cc(564)] locale resources are not loaded
[0916/164325:WARNING:resource_bundle.cc(564)] locale resources are not loaded
[0916/164325:WARNING:resource_bundle.cc(564)] locale resources are not loaded
[0916/164325:WARNING:resource_bundle.cc(564)] locale resources are not loaded
[0916/164325:WARNING:resource_bundle.cc(564)] locale resources are not loaded
[0916/164325:WARNING:resource_bundle.cc(564)] locale resources are not loaded
[0916/164325:WARNING:resource_bundle.cc(564)] locale resources are not loaded
[0916/164325:WARNING:resource_bundle.cc(564)] locale resources are not loaded
[0916/164325:WARNING:resource_bundle.cc(564)] locale resources are not loaded
[0916/164325:WARNING:resource_bundle.cc(564)] locale resources are not loaded
[0916/164325:WARNING:resource_bundle.cc(564)] locale resources are not loaded
[0916/164325:WARNING:resource_bundle.cc(564)] locale resources are not loaded
[0916/164325:WARNING:resource_bundle.cc(564)] locale resources are not loaded
[0916/164325:WARNING:resource_bundle.cc(564)] locale resources are not loaded
[0916/164325:WARNING:resource_bundle.cc(564)] locale resources are not loaded
[0916/164325:WARNING:resource_bundle.cc(564)] locale resources are not loaded
[0916/164325:WARNING:resource_bundle.cc(564)] locale resources are not loaded
[0916/164325:WARNING:resource_bundle.cc(564)] locale resources are not loaded
[0916/164325:WARNING:resource_bundle.cc(564)] locale resources are not loaded
[0916/164325:WARNING:resource_bundle.cc(564)] locale resources are not loaded
[0916/164325:WARNING:resource_bundle.cc(564)] locale resources are not loaded
[0916/164325:WARNING:resource_bundle.cc(564)] locale resources are not loaded
[0916/164325:WARNING:resource_bundle.cc(564)] locale resources are not loaded
[0916/164325:WARNING:resource_bundle.cc(564)] locale resources are not loaded
[0916/164325:WARNING:resource_bundle.cc(564)] locale resources are not loaded
[0916/164325:WARNING:resource_bundle.cc(564)] locale resources are not loaded
[0916/164325:WARNING:resource_bundle.cc(564)] locale resources are not loaded
[0916/164325:WARNING:resource_bundle.cc(564)] locale resources are not loaded
[0916/164325:INFO:exception_record.cc(518)] [QB]Process ID: 2148 Type: 3
[0916/164325:WARNING:resource_bundle.cc(377)] locale_file_path.empty() for locale 
[0916/164325:ERROR:main_delegate.cc(750)] Could not load locale pak for zh-CN
[0916/164325:WARNING:resource_bundle.cc(564)] locale resources are not loaded
[0916/164325:WARNING:resource_bundle.cc(564)] locale resources are not loaded
[0916/164325:INFO:exception_record.cc(518)] [QB]Process ID: 3816 Type: 2
[0916/164325:WARNING:resource_bundle.cc(377)] locale_file_path.empty() for locale 
[0916/164325:ERROR:main_delegate.cc(750)] Could not load locale pak for zh-CN
[0916/164325:WARNING:resource_bundle.cc(564)] locale resources are not loaded
[0916/164325:WARNING:resource_bundle.cc(564)] locale resources are not loaded
[0916/164325:INFO:exception_record.cc(518)] [QB]Process ID: 22900 Type: 2
[0916/164325:WARNING:resource_bundle.cc(377)] locale_file_path.empty() for locale 
[0916/164325:ERROR:main_delegate.cc(750)] Could not load locale pak for zh-CN
[0916/164325:WARNING:resource_bundle.cc(564)] locale resources are not loaded
[0916/164325:WARNING:resource_bundle.cc(564)] locale resources are not loaded
[0916/164325:INFO:exception_record.cc(518)] [QB]Process ID: 13104 Type: 5
[0916/164325:WARNING:resource_bundle.cc(377)] locale_file_path.empty() for locale 
[0916/164325:ERROR:main_delegate.cc(750)] Could not load locale pak for zh-CN
[0916/164329:ERROR:tcp_socket_win.cc(647)] closesocket: 应用程序没有调用 WSAStartup，或者 WSAStartup 失败。 (0x276D)
[0916/164337:INFO:exception_record.cc(518)] [QB]Process ID: 6548 Type: 1
[0916/164337:WARNING:resource_bundle.cc(377)] locale_file_path.empty() for locale 
[0916/164337:ERROR:main_delegate.cc(750)] Could not load locale pak for zh-CN
[0916/164337:WARNING:resource_bundle.cc(564)] locale resources are not loaded
[0916/164337:WARNING:resource_bundle.cc(564)] locale resources are not loaded
[0916/164337:WARNING:resource_bundle.cc(564)] locale resources are not loaded
[0916/164337:WARNING:resource_bundle.cc(564)] locale resources are not loaded
[0916/164337:WARNING:resource_bundle.cc(564)] locale resources are not loaded
[0916/164337:WARNING:resource_bundle.cc(564)] locale resources are not loaded
[0916/164337:WARNING:resource_bundle.cc(564)] locale resources are not loaded
[0916/164337:WARNING:resource_bundle.cc(564)] locale resources are not loaded
[0916/164337:WARNING:resource_bundle.cc(564)] locale resources are not loaded
[0916/164337:WARNING:resource_bundle.cc(564)] locale resources are not loaded
[0916/164337:WARNING:resource_bundle.cc(564)] locale resources are not loaded
[0916/164337:WARNING:resource_bundle.cc(564)] locale resources are not loaded
[0916/164337:WARNING:resource_bundle.cc(564)] locale resources are not loaded
[0916/164337:WARNING:resource_bundle.cc(564)] locale resources are not loaded
[0916/164337:WARNING:resource_bundle.cc(564)] locale resources are not loaded
[0916/164337:WARNING:resource_bundle.cc(564)] locale resources are not loaded
[0916/164337:WARNING:resource_bundle.cc(564)] locale resources are not loaded
[0916/164337:WARNING:resource_bundle.cc(564)] locale resources are not loaded
[0916/164337:WARNING:resource_bundle.cc(564)] locale resources are not loaded
[0916/164337:WARNING:resource_bundle.cc(564)] locale resources are not loaded
[0916/164337:WARNING:resource_bundle.cc(564)] locale resources are not loaded
[0916/164337:WARNING:resource_bundle.cc(564)] locale resources are not loaded
[0916/164337:WARNING:resource_bundle.cc(564)] locale resources are not loaded
[0916/164337:WARNING:resource_bundle.cc(564)] locale resources are not loaded
[0916/164337:WARNING:resource_bundle.cc(564)] locale resources are not loaded
[0916/164337:WARNING:resource_bundle.cc(564)] locale resources are not loaded
[0916/164337:WARNING:resource_bundle.cc(564)] locale resources are not loaded
[0916/164337:WARNING:resource_bundle.cc(564)] locale resources are not loaded
[0916/164337:WARNING:resource_bundle.cc(564)] locale resources are not loaded
[0916/164337:WARNING:resource_bundle.cc(564)] locale resources are not loaded
[0916/164337:WARNING:resource_bundle.cc(564)] locale resources are not loaded
[0916/164337:WARNING:resource_bundle.cc(564)] locale resources are not loaded
[0916/164337:WARNING:resource_bundle.cc(564)] locale resources are not loaded
[0916/164337:WARNING:resource_bundle.cc(564)] locale resources are not loaded
[0916/164337:WARNING:resource_bundle.cc(564)] locale resources are not loaded
[0916/164337:WARNING:resource_bundle.cc(564)] locale resources are not loaded
[0916/164337:WARNING:resource_bundle.cc(564)] locale resources are not loaded
[0916/164337:WARNING:resource_bundle.cc(564)] locale resources are not loaded
[0916/164337:WARNING:resource_bundle.cc(564)] locale resources are not loaded
[0916/164337:WARNING:resource_bundle.cc(564)] locale resources are not loaded
[0916/164337:WARNING:resource_bundle.cc(564)] locale resources are not loaded
[0916/164337:WARNING:resource_bundle.cc(564)] locale resources are not loaded
[0916/164337:WARNING:resource_bundle.cc(564)] locale resources are not loaded
[0916/164337:WARNING:resource_bundle.cc(564)] locale resources are not loaded
[0916/164337:INFO:exception_record.cc(518)] [QB]Process ID: 22860 Type: 3
[0916/164337:WARNING:resource_bundle.cc(377)] locale_file_path.empty() for locale 
[0916/164337:ERROR:main_delegate.cc(750)] Could not load locale pak for zh-CN
[0916/164337:WARNING:resource_bundle.cc(564)] locale resources are not loaded
[0916/164337:WARNING:resource_bundle.cc(564)] locale resources are not loaded
[0916/164337:INFO:exception_record.cc(518)] [QB]Process ID: 5700 Type: 2
[0916/164337:WARNING:resource_bundle.cc(377)] locale_file_path.empty() for locale 
[0916/164337:ERROR:main_delegate.cc(750)] Could not load locale pak for zh-CN
[0916/164337:WARNING:resource_bundle.cc(564)] locale resources are not loaded
[0916/164337:WARNING:resource_bundle.cc(564)] locale resources are not loaded
[0916/164337:INFO:exception_record.cc(518)] [QB]Process ID: 13696 Type: 2
[0916/164337:WARNING:resource_bundle.cc(377)] locale_file_path.empty() for locale 
[0916/164337:ERROR:main_delegate.cc(750)] Could not load locale pak for zh-CN
[0916/164337:WARNING:resource_bundle.cc(564)] locale resources are not loaded
[0916/164337:WARNING:resource_bundle.cc(564)] locale resources are not loaded
[0916/164337:INFO:exception_record.cc(518)] [QB]Process ID: 22568 Type: 5
[0916/164337:WARNING:resource_bundle.cc(377)] locale_file_path.empty() for locale 
[0916/164337:ERROR:main_delegate.cc(750)] Could not load locale pak for zh-CN
[0916/164343:ERROR:tcp_socket_win.cc(647)] closesocket: 应用程序没有调用 WSAStartup，或者 WSAStartup 失败。 (0x276D)
[0916/164352:INFO:exception_record.cc(518)] [QB]Process ID: 6344 Type: 1
[0916/164352:WARNING:resource_bundle.cc(377)] locale_file_path.empty() for locale 
[0916/164352:ERROR:main_delegate.cc(750)] Could not load locale pak for zh-CN
[0916/164352:WARNING:resource_bundle.cc(564)] locale resources are not loaded
[0916/164352:WARNING:resource_bundle.cc(564)] locale resources are not loaded
[0916/164352:WARNING:resource_bundle.cc(564)] locale resources are not loaded
[0916/164352:WARNING:resource_bundle.cc(564)] locale resources are not loaded
[0916/164352:WARNING:resource_bundle.cc(564)] locale resources are not loaded
[0916/164352:WARNING:resource_bundle.cc(564)] locale resources are not loaded
[0916/164352:WARNING:resource_bundle.cc(564)] locale resources are not loaded
[0916/164352:WARNING:resource_bundle.cc(564)] locale resources are not loaded
[0916/164352:WARNING:resource_bundle.cc(564)] locale resources are not loaded
[0916/164352:WARNING:resource_bundle.cc(564)] locale resources are not loaded
[0916/164352:WARNING:resource_bundle.cc(564)] locale resources are not loaded
[0916/164352:WARNING:resource_bundle.cc(564)] locale resources are not loaded
[0916/164352:WARNING:resource_bundle.cc(564)] locale resources are not loaded
[0916/164352:WARNING:resource_bundle.cc(564)] locale resources are not loaded
[0916/164352:WARNING:resource_bundle.cc(564)] locale resources are not loaded
[0916/164352:WARNING:resource_bundle.cc(564)] locale resources are not loaded
[0916/164352:WARNING:resource_bundle.cc(564)] locale resources are not loaded
[0916/164352:WARNING:resource_bundle.cc(564)] locale resources are not loaded
[0916/164352:WARNING:resource_bundle.cc(564)] locale resources are not loaded
[0916/164352:WARNING:resource_bundle.cc(564)] locale resources are not loaded
[0916/164352:WARNING:resource_bundle.cc(564)] locale resources are not loaded
[0916/164352:WARNING:resource_bundle.cc(564)] locale resources are not loaded
[0916/164352:WARNING:resource_bundle.cc(564)] locale resources are not loaded
[0916/164352:WARNING:resource_bundle.cc(564)] locale resources are not loaded
[0916/164352:WARNING:resource_bundle.cc(564)] locale resources are not loaded
[0916/164352:WARNING:resource_bundle.cc(564)] locale resources are not loaded
[0916/164352:WARNING:resource_bundle.cc(564)] locale resources are not loaded
[0916/164352:WARNING:resource_bundle.cc(564)] locale resources are not loaded
[0916/164352:WARNING:resource_bundle.cc(564)] locale resources are not loaded
[0916/164352:WARNING:resource_bundle.cc(564)] locale resources are not loaded
[0916/164352:WARNING:resource_bundle.cc(564)] locale resources are not loaded
[0916/164352:WARNING:resource_bundle.cc(564)] locale resources are not loaded
[0916/164352:WARNING:resource_bundle.cc(564)] locale resources are not loaded
[0916/164352:WARNING:resource_bundle.cc(564)] locale resources are not loaded
[0916/164352:WARNING:resource_bundle.cc(564)] locale resources are not loaded
[0916/164352:WARNING:resource_bundle.cc(564)] locale resources are not loaded
[0916/164352:WARNING:resource_bundle.cc(564)] locale resources are not loaded
[0916/164352:WARNING:resource_bundle.cc(564)] locale resources are not loaded
[0916/164352:WARNING:resource_bundle.cc(564)] locale resources are not loaded
[0916/164352:WARNING:resource_bundle.cc(564)] locale resources are not loaded
[0916/164352:WARNING:resource_bundle.cc(564)] locale resources are not loaded
[0916/164352:WARNING:resource_bundle.cc(564)] locale resources are not loaded
[0916/164352:WARNING:resource_bundle.cc(564)] locale resources are not loaded
[0916/164352:WARNING:resource_bundle.cc(564)] locale resources are not loaded
[0916/164352:INFO:exception_record.cc(518)] [QB]Process ID: 16116 Type: 3
[0916/164352:WARNING:resource_bundle.cc(377)] locale_file_path.empty() for locale 
[0916/164352:ERROR:main_delegate.cc(750)] Could not load locale pak for zh-CN
[0916/164352:WARNING:resource_bundle.cc(564)] locale resources are not loaded
[0916/164352:WARNING:resource_bundle.cc(564)] locale resources are not loaded
[0916/164352:INFO:exception_record.cc(518)] [QB]Process ID: 13516 Type: 2
[0916/164352:WARNING:resource_bundle.cc(377)] locale_file_path.empty() for locale 
[0916/164352:ERROR:main_delegate.cc(750)] Could not load locale pak for zh-CN
[0916/164352:WARNING:resource_bundle.cc(564)] locale resources are not loaded
[0916/164352:WARNING:resource_bundle.cc(564)] locale resources are not loaded
[0916/164353:INFO:exception_record.cc(518)] [QB]Process ID: 17508 Type: 2
[0916/164353:WARNING:resource_bundle.cc(377)] locale_file_path.empty() for locale 
[0916/164353:ERROR:main_delegate.cc(750)] Could not load locale pak for zh-CN
[0916/164353:WARNING:resource_bundle.cc(564)] locale resources are not loaded
[0916/164353:WARNING:resource_bundle.cc(564)] locale resources are not loaded
[0916/164353:INFO:exception_record.cc(518)] [QB]Process ID: 14300 Type: 5
[0916/164353:WARNING:resource_bundle.cc(377)] locale_file_path.empty() for locale 
[0916/164353:ERROR:main_delegate.cc(750)] Could not load locale pak for zh-CN
[0916/164355:ERROR:tcp_socket_win.cc(647)] closesocket: 应用程序没有调用 WSAStartup，或者 WSAStartup 失败。 (0x276D)
